<?xml version="1.0" encoding="UTF-8" ?>
<testsuite tests="16" failures="2" name="JokeManagerTest" time="0.099" errors="0" skipped="0">
  <properties>
[...]
</properties>
  <testcase classname="JokeManagerTest" name="oneJokeAndDraw" time="0.046"/>
  <testcase classname="JokeManagerTest" name="testStopping" time="0.009"/>
  <testcase classname="JokeManagerTest" name="testAddingAndStopping" time="0.009">
    <failure message="NullPointerException, in call start(). An error occurred when starting the user interface. Test the code:
JokeManager manager = new JokeManager();
Scanner scanner = new Scanner(System.in);

UserInterface ui = new UserInterface(manager, scanner);
ui.start();
With the input:
1
Teacher, I came up with a new word! .. Do tell, what is it ?.. Plagiarism!
X
" type="java.lang.AssertionError">java.lang.AssertionError: NullPointerException, in call start(). An error occurred when starting the user interface. Test the code:
JokeManager manager = new JokeManager();
Scanner scanner = new Scanner(System.in);

UserInterface ui = new UserInterface(manager, scanner);
ui.start();
With the input:
1
Teacher, I came up with a new word! .. Do tell, what is it ?.. Plagiarism!
X

	at java.base/java.io.FilterInputStream.read(FilterInputStream.java:133)
	at java.base/sun.nio.cs.StreamDecoder.readBytes(StreamDecoder.java:284)
	at java.base/sun.nio.cs.StreamDecoder.implRead(StreamDecoder.java:326)
	at java.base/sun.nio.cs.StreamDecoder.read(StreamDecoder.java:178)
	at java.base/java.io.InputStreamReader.read(InputStreamReader.java:181)
	at java.base/java.io.Reader.read(Reader.java:189)
	at java.base/java.util.Scanner.readInput(Scanner.java:882)
	at java.base/java.util.Scanner.findWithinHorizon(Scanner.java:1796)
	at java.base/java.util.Scanner.nextLine(Scanner.java:1649)
	at UserInterface.start(UserInterface.java:38)
	at java.base/jdk.internal.reflect.NativeMethodAccessorImpl.invoke0(Native Method)
	at java.base/jdk.internal.reflect.NativeMethodAccessorImpl.invoke(NativeMethodAccessorImpl.java:62)
	at java.base/jdk.internal.reflect.DelegatingMethodAccessorImpl.invoke(DelegatingMethodAccessorImpl.java:43)
	at java.base/java.lang.reflect.Method.invoke(Method.java:566)
	at fi.helsinki.cs.tmc.edutestutils.ReflectionUtils.invokeMethod(ReflectionUtils.java:508)
	at fi.helsinki.cs.tmc.edutestutils.Reflex$MethodRef.invokeMethodOn(Reflex.java:603)
	at fi.helsinki.cs.tmc.edutestutils.Reflex$MethodRef.invokeOnImpl(Reflex.java:573)
	at fi.helsinki.cs.tmc.edutestutils.Reflex$MethodRef0.invokeOn(Reflex.java:736)
	at JokeManagerTest.testAddingAndStopping(JokeManagerTest.java:167)
	at java.base/jdk.internal.reflect.NativeMethodAccessorImpl.invoke0(Native Method)
	at java.base/jdk.internal.reflect.NativeMethodAccessorImpl.invoke(NativeMethodAccessorImpl.java:62)
	at java.base/jdk.internal.reflect.DelegatingMethodAccessorImpl.invoke(DelegatingMethodAccessorImpl.java:43)
	at java.base/java.lang.reflect.Method.invoke(Method.java:566)
	at org.junit.runners.model.FrameworkMethod$1.runReflectiveCall(FrameworkMethod.java:50)
	at org.junit.internal.runners.model.ReflectiveCallable.run(ReflectiveCallable.java:12)
	at org.junit.runners.model.FrameworkMethod.invokeExplosively(FrameworkMethod.java:47)
	at org.junit.internal.runners.statements.InvokeMethod.evaluate(InvokeMethod.java:17)
	at org.junit.internal.runners.statements.FailOnTimeout$CallableStatement.call(FailOnTimeout.java:298)
	at org.junit.internal.runners.statements.FailOnTimeout$CallableStatement.call(FailOnTimeout.java:292)
	at java.base/java.util.concurrent.FutureTask.run(FutureTask.java:264)
	at java.base/java.lang.Thread.run(Thread.java:829)
</failure>
  </testcase>
  <testcase classname="JokeManagerTest" name="classJokeManagerHasCorrectMethods" time="0"/>
  <testcase classname="JokeManagerTest" name="testPrinting" time="0.001"/>
  <testcase classname="JokeManagerTest" name="printingJokes" time="0.004"/>
  <testcase classname="JokeManagerTest" name="manyJokesAndDraw" time="0.008"/>
  <testcase classname="JokeManagerTest" name="classJokeManagerHasParameterlessConstructor" time="0.001"/>
  <testcase classname="JokeManagerTest" name="classUserInterfaceHasTwoObjectVariables" time="0.001"/>
  <testcase classname="JokeManagerTest" name="noJokesAddedAndDraw" time="0.002"/>
  <testcase classname="JokeManagerTest" name="testDrawing" time="0.002">
    <failure message="When the user interface is instructed to draw a joke, the program should print exactly one joke. Test the code:
JokeManager manager = new JokeManager();
manager.addJoke(&quot;Just joking 1&quot;);
manager.addJoke(&quot;Just joking 2&quot;);
manager.addJoke(&quot;Just joking 3&quot;);
Scanner scanner = new Scanner(System.in);

UserInterface ui = new UserInterface(manager, scanner);
ui.start();
With the input:
2
X
 expected:&lt;1&gt; but was:&lt;0&gt;" type="java.lang.AssertionError">java.lang.AssertionError: When the user interface is instructed to draw a joke, the program should print exactly one joke. Test the code:
JokeManager manager = new JokeManager();
manager.addJoke(&quot;Just joking 1&quot;);
manager.addJoke(&quot;Just joking 2&quot;);
manager.addJoke(&quot;Just joking 3&quot;);
Scanner scanner = new Scanner(System.in);

UserInterface ui = new UserInterface(manager, scanner);
ui.start();
With the input:
2
X
 expected:&lt;1&gt; but was:&lt;0&gt;
	at org.junit.Assert.fail(Assert.java:88)
	at org.junit.Assert.failNotEquals(Assert.java:834)
	at org.junit.Assert.assertEquals(Assert.java:645)
	at JokeManagerTest.testDrawing(JokeManagerTest.java:226)
	at java.base/jdk.internal.reflect.NativeMethodAccessorImpl.invoke0(Native Method)
	at java.base/jdk.internal.reflect.NativeMethodAccessorImpl.invoke(NativeMethodAccessorImpl.java:62)
	at java.base/jdk.internal.reflect.DelegatingMethodAccessorImpl.invoke(DelegatingMethodAccessorImpl.java:43)
	at java.base/java.lang.reflect.Method.invoke(Method.java:566)
	at org.junit.runners.model.FrameworkMethod$1.runReflectiveCall(FrameworkMethod.java:50)
	at org.junit.internal.runners.model.ReflectiveCallable.run(ReflectiveCallable.java:12)
	at org.junit.runners.model.FrameworkMethod.invokeExplosively(FrameworkMethod.java:47)
	at org.junit.internal.runners.statements.InvokeMethod.evaluate(InvokeMethod.java:17)
	at org.junit.internal.runners.statements.FailOnTimeout$CallableStatement.call(FailOnTimeout.java:298)
	at org.junit.internal.runners.statements.FailOnTimeout$CallableStatement.call(FailOnTimeout.java:292)
	at java.base/java.util.concurrent.FutureTask.run(FutureTask.java:264)
	at java.base/java.lang.Thread.run(Thread.java:829)
</failure>
  </testcase>
  <testcase classname="JokeManagerTest" name="classUserInterfaceExists" time="0.002"/>
  <testcase classname="JokeManagerTest" name="classUserInterfaceHasMethodStart" time="0.002"/>
  <testcase classname="JokeManagerTest" name="classJokeManagerExists" time="0.001"/>
  <testcase classname="JokeManagerTest" name="classUserInterfaceHasConstructorWithTwoParameters" time="0.01"/>
  <testcase classname="JokeManagerTest" name="classJokeManagerOnlyHasOneObjectVariable" time="0.001"/>
</testsuite>